.\Debug\temp.ilk
.\Debug\temp.pdb
C:\PaxPayPro2010\myapp\temp\.\Debug\temp.exe
C:\PaxPayPro2010\myapp\temp\.\Debug\temp.exe.intermediate.manifest
C:\PAXPAYPRO2010\MYAPP\TEMP\DEBUG\APPLIB.OBJ
C:\PaxPayPro2010\myapp\temp\Debug\cl.command.1.tlog
C:\PaxPayPro2010\myapp\temp\Debug\CL.read.1.tlog
C:\PaxPayPro2010\myapp\temp\Debug\CL.write.1.tlog
C:\PAXPAYPRO2010\MYAPP\TEMP\DEBUG\FILEOPER.OBJ
C:\PaxPayPro2010\myapp\temp\Debug\link.8544.read.1.tlog
C:\PaxPayPro2010\myapp\temp\Debug\link.8544.read.2.tlog
C:\PaxPayPro2010\myapp\temp\Debug\link.8544.write.1.tlog
C:\PaxPayPro2010\myapp\temp\Debug\link.8544-cvtres.read.1.tlog
C:\PaxPayPro2010\myapp\temp\Debug\link.8544-cvtres.write.1.tlog
C:\PaxPayPro2010\myapp\temp\Debug\link.command.1.tlog
C:\PaxPayPro2010\myapp\temp\Debug\link.read.1.tlog
C:\PaxPayPro2010\myapp\temp\Debug\link.read.2.tlog
C:\PaxPayPro2010\myapp\temp\Debug\link.write.1.tlog
C:\PaxPayPro2010\myapp\temp\Debug\link-cvtres.read.1.tlog
C:\PaxPayPro2010\myapp\temp\Debug\link-cvtres.write.1.tlog
C:\PAXPAYPRO2010\MYAPP\TEMP\DEBUG\LNG.OBJ
C:\PAXPAYPRO2010\MYAPP\TEMP\DEBUG\LOGO.OBJ
C:\PAXPAYPRO2010\MYAPP\TEMP\DEBUG\MAIN.OBJ
C:\PaxPayPro2010\myapp\temp\Debug\mt.command.1.tlog
C:\PaxPayPro2010\myapp\temp\Debug\mt.read.1.tlog
C:\PaxPayPro2010\myapp\temp\Debug\mt.write.1.tlog
C:\PaxPayPro2010\myapp\temp\Debug\rc.command.1.tlog
C:\PaxPayPro2010\myapp\temp\Debug\rc.read.1.tlog
C:\PaxPayPro2010\myapp\temp\Debug\rc.write.1.tlog
C:\PAXPAYPRO2010\MYAPP\TEMP\DEBUG\SETUP.OBJ
C:\PAXPAYPRO2010\MYAPP\TEMP\DEBUG\SSLCOMM.OBJ
C:\PAXPAYPRO2010\MYAPP\TEMP\DEBUG\SXXCOM.OBJ
C:\PAXPAYPRO2010\MYAPP\TEMP\DEBUG\TEMP.EXE
C:\PAXPAYPRO2010\MYAPP\TEMP\DEBUG\TEMP.EXE.EMBED.MANIFEST
C:\PAXPAYPRO2010\MYAPP\TEMP\DEBUG\TEMP.EXE.EMBED.MANIFEST.RES
C:\PAXPAYPRO2010\MYAPP\TEMP\DEBUG\TEMP.EXE.INTERMEDIATE.MANIFEST
C:\PAXPAYPRO2010\MYAPP\TEMP\DEBUG\TEMP.ILK
C:\PAXPAYPRO2010\MYAPP\TEMP\DEBUG\TEMP.PDB
C:\PaxPayPro2010\myapp\temp\Debug\temp.vcxprojResolveAssemblyReference.cache
C:\PaxPayPro2010\myapp\temp\Debug\temp.write.1.tlog
C:\PaxPayPro2010\myapp\temp\Debug\temp_manifest.rc
C:\PAXPAYPRO2010\MYAPP\TEMP\DEBUG\TRANPROC.OBJ
C:\PAXPAYPRO2010\MYAPP\TEMP\DEBUG\UTIL.OBJ
C:\PaxPayPro2010\myapp\temp\Debug\vc100.idb
C:\PAXPAYPRO2010\MYAPP\TEMP\DEBUG\VC100.PDB
C:\PAXPAYPRO2010\MYAPP\TEMP\DEBUG\VTEF.OBJ
C:\PAXPAYPRO2010\MYAPP\TEMP\DEBUG\WIFI.OBJ
C:\PAXPAYPRO2010\MYAPP\TEMP\DEBUG\XMLPARSER.OBJ
C:\PAXPAYPRO2010\MYAPP\TEMP\DEBUG\XMLPROC.OBJ
